


ARM Macro Assembler    Page 1 


    1 00000000                 PRESERVE8
    2 00000000                 THUMB
    3 00000000         
    4 00000000         ;include bruitverre.asm
    5 00000000                 import           Son
    6 00000000                 include          ../Driver/DriverJeuLaser.inc
    1 00000000         
    2 00000000         ; Bibliotheque DriverJeuLaser (ancienne gassp72 adaptée 
                       2021 - TR)
    3 00000000         ; Accès en aux fonctions suivantes :
    4 00000000         ; GPIO :
    5 00000000         ; GPIOA_Set(char Broche), GPIOB_Set(char Broche), GPIOC_
                       Set(char Broche)
    6 00000000         ; GPIOA_Clear(char Broche), GPIOB_Clear(char Broche), GP
                       IOC_Clear(char Broche)
    7 00000000         
    8 00000000         ; PWM :
    9 00000000         ;/**
   10 00000000         ; * @brief  Fixe une valeur de PWM, Val, en tick horloge
                       . La rapport cyclique effectif
   11 00000000         ; * est donc : rcy = Thaut_ticks / Periode_ticks
   12 00000000         ; * @note   spécifique Jeu Laser, PWM liée exclusivement
                        au TIM3, chan3
   13 00000000         ; * @param  Thaut_ticks : durée de l'état haut d'une imp
                       ulsion en Ticks
   14 00000000         ;  * @retval None
   15 00000000         ; */
   16 00000000         
   17 00000000         ;void PWM_Set_Value_TIM3_Ch3( unsigned short int Thaut_t
                       icks);
   18 00000000                 import           PWM_Set_Value_TIM3_Ch3
   19 00000000         
   20 00000000         
   21 00000000         
   22 00000000         ;/**
   23 00000000         ; * @brief  Mise à 1 d'une broche GPIO 
   24 00000000         ;  * @note   Une fonction par GPIO
   25 00000000         ; * @param  Broche : 0 à 15
   26 00000000         ; * @retval None
   27 00000000         ; */
   28 00000000         
   29 00000000         ;void GPIOA_Set(char Broche);
   30 00000000                 import           GPIOA_Set
   31 00000000         
   32 00000000         ;void GPIOB_Set(char Broche);
   33 00000000                 import           GPIOB_Set
   34 00000000         
   35 00000000         ;void GPIOC_Set(char Broche);
   36 00000000                 import           GPIOC_Set
   37 00000000         
   38 00000000         
   39 00000000         
   40 00000000         ;/**
   41 00000000         ; * @brief  Mise à 0 d'une broche GPIO 
   42 00000000         ;  * @note   Une fonction par GPIO
   43 00000000         ; * @param  Broche : 0 à 15
   44 00000000         ; * @retval None
   45 00000000         ;  */
   46 00000000         



ARM Macro Assembler    Page 2 


   47 00000000         ;void GPIOA_Clear(char Broche);
   48 00000000                 import           GPIOA_Clear
   49 00000000         
   50 00000000         ;void GPIOB_Clear(char Broche);
   51 00000000                 import           GPIOB_Clear
   52 00000000         
   53 00000000         ;void GPIOC_Clear(char Broche);
   54 00000000                 import           GPIOC_Clear
   55 00000000         
   56 00000000                 end
    7 00000000         
    8 00000000         ; ====================== zone de réservation de données,
                         ======================================
    9 00000000         ;Section RAM (read only) :
   10 00000000                 area             mesdata,data,readonly
   11 00000000         
   12 00000000         
   13 00000000         ;Section RAM (read write):
   14 00000000                 area             maram,data,readwrite
   15 00000000         
   16 00000000 00000000 
                       SortieSon
                               dcd              0
   17 00000004 00001588 
                       index   dcd              5512        ;mettre 5511 pour n
                                                            e pas avoir le 1e s
                                                            on de verre quoi qu
                                                            'il arrive 
   18 00000008         
   19 00000008         ; ======================================================
                       =========================================
   20 00000008         
   21 00000008         
   22 00000008         
   23 00000008         
   24 00000008         ;Section ROM code (read only) :  
   25 00000008                 area             moncode,code,readonly
   26 00000000         ; écrire le code ici  
   27 00000000                 export           SortieSon
   28 00000000                 export           callbackSon
   29 00000000                 export           startSon
   30 00000000         
   31 00000000         callbackSon
                               proc
   32 00000000 B500            push             {LR}
   33 00000002         ;tester 5511 ici directement pour le reset. ça règle tou
                       t le soucis. Et on envoie 0 au PWM. 
   34 00000002         ;SON  est un label, pas une variable. Load Son dans un r
                       egistre, puis se décaler ? 
   35 00000002         ; on mettra Son dans un registre 
   36 00000002 4910            ldr              R1, =Son
   37 00000004 4A10            ldr              R2, =index
   38 00000006 6813            ldr              R3, [R2]
   39 00000008         
   40 00000008         ;Test fin son
   41 00000008 F241 5088       mov              R0, #5512
   42 0000000C 4283            cmp              R3, R0
   43 0000000E D010            beq              reset
   44 00000010         



ARM Macro Assembler    Page 3 


   45 00000010         ;LDR SortieSon,[Son,index lsl #4] 
   46 00000010 F931 0013       LDRSH            R0,[R1,R3, lsl #1]
   47 00000014         ;normalisation
   48 00000014 F04F 012D       mov              R1,#45
   49 00000018 FB00 F001       MUL              R0,R1
   50 0000001C EA4F 3020       ASR              R0,#12
   51 00000020 F500 70B4       add              R0,#360
   52 00000024         ;Incrémentation
   53 00000024         
   54 00000024 F103 0301       add              R3, #1
   55 00000028         ;5512 lignes de son, donc si index = 5511 => index :=0
   56 00000028 6013            str              R3, [R2]
   57 0000002A         ; R2 libre post manip d'index, donc utilisable sans push
                       
   58 0000002A 4A08            ldr              R2, =SortieSon
   59 0000002C 6010            str              R0, [R2]
   60 0000002E         
   61 0000002E         ;bl qui se fait ici pour ne pas utiliser SortieSon mais 
                       le PWM
   62 0000002E F7FF FFFE       bl               PWM_Set_Value_TIM3_Ch3
   63 00000032         
   64 00000032         reset
   65 00000032         
   66 00000032 BD00            pop              {PC}
   67 00000034         
   68 00000034                 endp
   69 00000034         
   70 00000034         startSon
                               proc
   71 00000034 B500            push             {LR}
   72 00000036         ;on charge l'index et on reinitialise sa valeur pour rev
                       enir au début du son
   73 00000036 4904            ldr              R1, =index
   74 00000038 6808            ldr              R0, [R1]
   75 0000003A F04F 0000       mov              R0, #0
   76 0000003E 6008            str              R0, [R1]
   77 00000040 BD00            pop              {PC}
   78 00000042                 endp
   79 00000042         
   80 00000042                 END
              00 00 00000000 
              00000000 
              00000000 
Command Line: --debug --xref --diag_suppress=9931 --cpu=Cortex-M3 --apcs=interw
ork --depend=.\obj\gestionson.d -o.\obj\gestionson.o -I.\RTE\_CibleSondeKEIL -I
C:\Programdata\Keil\Arm\Packs\ARM\CMSIS\5.7.0\CMSIS\Core\Include -IC:\Programda
ta\Keil\Arm\Packs\Keil\STM32F1xx_DFP\2.3.0\Device\Include --predefine="__EVAL S
ETA 1" --predefine="__MICROLIB SETA 1" --predefine="__UVISION_VERSION SETA 530"
 --predefine="_RTE_ SETA 1" --predefine="STM32F10X_MD SETA 1" --predefine="_RTE
_ SETA 1" --list=gestionson.lst Src\GestionSon.s



ARM Macro Assembler    Page 1 Alphabetic symbol ordering
Relocatable symbols

mesdata 00000000

Symbol: mesdata
   Definitions
      At line 10 in file Src\GestionSon.s
   Uses
      None
Comment: mesdata unused
1 symbol



ARM Macro Assembler    Page 1 Alphabetic symbol ordering
Relocatable symbols

SortieSon 00000000

Symbol: SortieSon
   Definitions
      At line 16 in file Src\GestionSon.s
   Uses
      At line 27 in file Src\GestionSon.s
      At line 58 in file Src\GestionSon.s

index 00000004

Symbol: index
   Definitions
      At line 17 in file Src\GestionSon.s
   Uses
      At line 37 in file Src\GestionSon.s
      At line 73 in file Src\GestionSon.s

maram 00000000

Symbol: maram
   Definitions
      At line 14 in file Src\GestionSon.s
   Uses
      None
Comment: maram unused
3 symbols



ARM Macro Assembler    Page 1 Alphabetic symbol ordering
Relocatable symbols

callbackSon 00000000

Symbol: callbackSon
   Definitions
      At line 31 in file Src\GestionSon.s
   Uses
      At line 28 in file Src\GestionSon.s
Comment: callbackSon used once
moncode 00000000

Symbol: moncode
   Definitions
      At line 25 in file Src\GestionSon.s
   Uses
      None
Comment: moncode unused
reset 00000032

Symbol: reset
   Definitions
      At line 64 in file Src\GestionSon.s
   Uses
      At line 43 in file Src\GestionSon.s
Comment: reset used once
startSon 00000034

Symbol: startSon
   Definitions
      At line 70 in file Src\GestionSon.s
   Uses
      At line 29 in file Src\GestionSon.s
Comment: startSon used once
4 symbols



ARM Macro Assembler    Page 1 Alphabetic symbol ordering
External symbols

GPIOA_Clear 00000000

Symbol: GPIOA_Clear
   Definitions
      At line 48 in file Src\..\Driver\DriverJeuLaser.inc
   Uses
      None
Comment: GPIOA_Clear unused
GPIOA_Set 00000000

Symbol: GPIOA_Set
   Definitions
      At line 30 in file Src\..\Driver\DriverJeuLaser.inc
   Uses
      None
Comment: GPIOA_Set unused
GPIOB_Clear 00000000

Symbol: GPIOB_Clear
   Definitions
      At line 51 in file Src\..\Driver\DriverJeuLaser.inc
   Uses
      None
Comment: GPIOB_Clear unused
GPIOB_Set 00000000

Symbol: GPIOB_Set
   Definitions
      At line 33 in file Src\..\Driver\DriverJeuLaser.inc
   Uses
      None
Comment: GPIOB_Set unused
GPIOC_Clear 00000000

Symbol: GPIOC_Clear
   Definitions
      At line 54 in file Src\..\Driver\DriverJeuLaser.inc
   Uses
      None
Comment: GPIOC_Clear unused
GPIOC_Set 00000000

Symbol: GPIOC_Set
   Definitions
      At line 36 in file Src\..\Driver\DriverJeuLaser.inc
   Uses
      None
Comment: GPIOC_Set unused
PWM_Set_Value_TIM3_Ch3 00000000

Symbol: PWM_Set_Value_TIM3_Ch3
   Definitions
      At line 18 in file Src\..\Driver\DriverJeuLaser.inc
   Uses
      At line 62 in file Src\GestionSon.s
Comment: PWM_Set_Value_TIM3_Ch3 used once
Son 00000000

Symbol: Son



ARM Macro Assembler    Page 2 Alphabetic symbol ordering
External symbols

   Definitions
      At line 5 in file Src\GestionSon.s
   Uses
      At line 36 in file Src\GestionSon.s
Comment: Son used once
8 symbols
353 symbols in table
