


ARM Macro Assembler    Page 1 


    1 00000000                 PRESERVE8
    2 00000000                 THUMB
    3 00000000         
    4 00000000         
    5 00000000         ; ====================== zone de réservation de données,
                         ======================================
    6 00000000         ;Section RAM (read only) :
    7 00000000                 area             mesdata,data,readonly
    8 00000000         
    9 00000000         
   10 00000000         ;Section RAM (read write):
   11 00000000                 area             maram,data,readwrite
   12 00000000         
   13 00000000         
   14 00000000         ; ======================================================
                       =========================================
   15 00000000         
   16 00000000         
   17 00000000         
   18 00000000         
   19 00000000         ;Section ROM code (read only) :  
   20 00000000                 area             moncode,code,readonly
   21 00000000         ; écrire le code ici  
   22 00000000         
   23 00000000                 export           DFT_ModuleAuCarre
   24 00000000         
   25 00000000         ;blablabla j'écris mon code
   26 00000000         DFT_ModuleAuCarre
                               proc
   27 00000000 E92D 5FF0       push             {R4-R12, LR}
   28 00000004         ;LeSignal => R0
   29 00000004         ;k => R1
   30 00000004 F04F 0300       mov              R3,#0       ;le rôle de notre i
                                                            ndex
   31 00000008 F04F 0500       mov              R5,#0
   32 0000000C F04F 0600       mov              R6,#0
   33 00000010 F8DF 9050       ldr              R9, =TabCos
   34 00000014 F8DF A050       ldr              R10, =TabSin
   35 00000018         reset
   36 00000018         ;SON  est un label, pas une variable. Load Son dans un r
                       egistre, puis se décaler ? 
   37 00000018         ; on mettra Son dans un registre 
   38 00000018 F930 2013       LDRSH            R2,[R0,R3, lsl #1] ; R2 = les d
                                                            ifférentes valeurs 
                                                            du signal
   39 0000001C         
   40 0000001C         ;Incrémentation index
   41 0000001C FB03 F701       mul              R7,R3,R1    ; k*n
   42 00000020         ;;add R3, #1
   43 00000020         
   44 00000020         ;Le calcul de cette étape de la somme
   45 00000020         ;R3 : index signal
   46 00000020         ;R4 : intermédiaire, x(n) * cos/sin
   47 00000020         ;R5 : Partie entière
   48 00000020         ;R6 : Partie imaginaire
   49 00000020         ;R7 : calcul de k*index
   50 00000020         
   51 00000020         
   52 00000020         ;calcul modulo



ARM Macro Assembler    Page 2 


   53 00000020         ;mov R8, #63
   54 00000020         ;cmp R7, R8
   55 00000020         ;ble modulo
   56 00000020         ;modulo2
   57 00000020         ;sub R7, #64
   58 00000020         ;cmp R7, R8
   59 00000020         ;bge modulo2
   60 00000020         ;modulo
   61 00000020 F007 073F       and              R7, R7, #63 ;masque et bit à bi
                                                            t, alternative modu
                                                            lo 
   62 00000024         
   63 00000024 F939 8013       LDRSH            R8,[R9,R3, lsl #1] 
                                                            ; R8 = valeurs cos
   64 00000028         
   65 00000028 FB02 F408       mul              R4,R2,R8    ; ; x(n) * cos (Par
                                                            tie Cos(index (R3) 
                                                            * k(R1) %64  /M)
   66 0000002C EA4F 0464       asr              R4, #1      ;on passe de 5.27 à
                                                             6.26
   67 00000030 192D            adds             R5,R4       ; Somme partie enti
                                                            ère
   68 00000032         
   69 00000032 F93A 8013       LDRSH            R8,[R10,R3, lsl #1] 
                                                            ; R8 = valeurs sin
   70 00000036         
   71 00000036 FB02 F408       mul              R4,R2,R8    ; x(n) * sin (Parti
                                                            e Sin(index *k %64 
                                                             /M) 
   72 0000003A EA4F 0464       asr              R4, #1      ;mm chose
   73 0000003E 1936            adds             R6,R4       ; Somme partie imag
                                                            inaire |Pour éviter
                                                             pire cas débordeme
                                                            nt faire un ASR #2 
                                                            avant la somme et A
                                                            SR #14 après
   74 00000040         
   75 00000040         ;Test fin échantillon
   76 00000040 F103 0301       add              R3, #1
   77 00000044 F04F 0240       mov              R2, #64
   78 00000048 4293            cmp              R3, R2
   79 0000004A D1E5            bne              reset
   80 0000004C         ;;;;;; Reprendre ICI en pensant au problème de debordeme
                       nt et tester Les sommes en individuelles
   81 0000004C         ; carré
   82 0000004C EA4F 4525       asr              R5,#16      ;on passe de 6.26 à
                                                             6.10
   83 00000050 EA4F 4626       asr              R6,#16
   84 00000054 FB05 F505       mul              R5,R5
   85 00000058 FB06 F606       mul              R6,R6       ; on arrive en 12.2
                                                            0
   86 0000005C 19A8            adds             R0,R5,R6
   87 0000005E         ;test étape 1
   88 0000005E         
   89 0000005E E8BD 9FF0       pop              {R4-R12, PC}
   90 00000062         
   91 00000062                 endp
   92 00000062         
   93 00000062         



ARM Macro Assembler    Page 3 


   94 00000062         
   95 00000062         
   96 00000062         ;Section ROM code (read only) :  
   97 00000062 00 00 00000000 
              00000000         AREA             Trigo, DATA, READONLY
   98 00000000         ; codage fractionnaire 1.15
   99 00000000         
  100 00000000         TabCos
  101 00000000 FF 7F           DCW              32767       ;  0 0x7fff  0.9999
                                                            7
  102 00000002 62 7F           DCW              32610       ;  1 0x7f62  0.9951
                                                            8
  103 00000004 8A 7D           DCW              32138       ;  2 0x7d8a  0.9807
                                                            7
  104 00000006 7D 7A           DCW              31357       ;  3 0x7a7d  0.9569
                                                            4
  105 00000008 42 76           DCW              30274       ;  4 0x7642  0.9238
                                                            9
  106 0000000A E3 70           DCW              28899       ;  5 0x70e3  0.8819
                                                            3
  107 0000000C 6E 6A           DCW              27246       ;  6 0x6a6e  0.8314
                                                            8
  108 0000000E F2 62           DCW              25330       ;  7 0x62f2  0.7730
                                                            1
  109 00000010 82 5A           DCW              23170       ;  8 0x5a82  0.7070
                                                            9
  110 00000012 34 51           DCW              20788       ;  9 0x5134  0.6344
                                                            0
  111 00000014 1D 47           DCW              18205       ; 10 0x471d  0.5555
                                                            7
  112 00000016 57 3C           DCW              15447       ; 11 0x3c57  0.4714
                                                            1
  113 00000018 FC 30           DCW              12540       ; 12 0x30fc  0.3826
                                                            9
  114 0000001A 28 25           DCW              9512        ; 13 0x2528  0.2902
                                                            8
  115 0000001C F9 18           DCW              6393        ; 14 0x18f9  0.1951
                                                            0
  116 0000001E 8C 0C           DCW              3212        ; 15 0x0c8c  0.0980
                                                            2
  117 00000020 00 00           DCW              0           ; 16 0x0000  0.0000
                                                            0
  118 00000022 74 F3           DCW              -3212       ; 17 0xf374 -0.0980
                                                            2
  119 00000024 07 E7           DCW              -6393       ; 18 0xe707 -0.1951
                                                            0
  120 00000026 D8 DA           DCW              -9512       ; 19 0xdad8 -0.2902
                                                            8
  121 00000028 04 CF           DCW              -12540      ; 20 0xcf04 -0.3826
                                                            9
  122 0000002A A9 C3           DCW              -15447      ; 21 0xc3a9 -0.4714
                                                            1
  123 0000002C E3 B8           DCW              -18205      ; 22 0xb8e3 -0.5555
                                                            7
  124 0000002E CC AE           DCW              -20788      ; 23 0xaecc -0.6344
                                                            0
  125 00000030 7E A5           DCW              -23170      ; 24 0xa57e -0.7070
                                                            9
  126 00000032 0E 9D           DCW              -25330      ; 25 0x9d0e -0.7730



ARM Macro Assembler    Page 4 


                                                            1
  127 00000034 92 95           DCW              -27246      ; 26 0x9592 -0.8314
                                                            8
  128 00000036 1D 8F           DCW              -28899      ; 27 0x8f1d -0.8819
                                                            3
  129 00000038 BE 89           DCW              -30274      ; 28 0x89be -0.9238
                                                            9
  130 0000003A 83 85           DCW              -31357      ; 29 0x8583 -0.9569
                                                            4
  131 0000003C 76 82           DCW              -32138      ; 30 0x8276 -0.9807
                                                            7
  132 0000003E 9E 80           DCW              -32610      ; 31 0x809e -0.9951
                                                            8
  133 00000040 00 80           DCW              -32768      ; 32 0x8000 -1.0000
                                                            0
  134 00000042 9E 80           DCW              -32610      ; 33 0x809e -0.9951
                                                            8
  135 00000044 76 82           DCW              -32138      ; 34 0x8276 -0.9807
                                                            7
  136 00000046 83 85           DCW              -31357      ; 35 0x8583 -0.9569
                                                            4
  137 00000048 BE 89           DCW              -30274      ; 36 0x89be -0.9238
                                                            9
  138 0000004A 1D 8F           DCW              -28899      ; 37 0x8f1d -0.8819
                                                            3
  139 0000004C 92 95           DCW              -27246      ; 38 0x9592 -0.8314
                                                            8
  140 0000004E 0E 9D           DCW              -25330      ; 39 0x9d0e -0.7730
                                                            1
  141 00000050 7E A5           DCW              -23170      ; 40 0xa57e -0.7070
                                                            9
  142 00000052 CC AE           DCW              -20788      ; 41 0xaecc -0.6344
                                                            0
  143 00000054 E3 B8           DCW              -18205      ; 42 0xb8e3 -0.5555
                                                            7
  144 00000056 A9 C3           DCW              -15447      ; 43 0xc3a9 -0.4714
                                                            1
  145 00000058 04 CF           DCW              -12540      ; 44 0xcf04 -0.3826
                                                            9
  146 0000005A D8 DA           DCW              -9512       ; 45 0xdad8 -0.2902
                                                            8
  147 0000005C 07 E7           DCW              -6393       ; 46 0xe707 -0.1951
                                                            0
  148 0000005E 74 F3           DCW              -3212       ; 47 0xf374 -0.0980
                                                            2
  149 00000060 00 00           DCW              0           ; 48 0x0000  0.0000
                                                            0
  150 00000062 8C 0C           DCW              3212        ; 49 0x0c8c  0.0980
                                                            2
  151 00000064 F9 18           DCW              6393        ; 50 0x18f9  0.1951
                                                            0
  152 00000066 28 25           DCW              9512        ; 51 0x2528  0.2902
                                                            8
  153 00000068 FC 30           DCW              12540       ; 52 0x30fc  0.3826
                                                            9
  154 0000006A 57 3C           DCW              15447       ; 53 0x3c57  0.4714
                                                            1
  155 0000006C 1D 47           DCW              18205       ; 54 0x471d  0.5555
                                                            7



ARM Macro Assembler    Page 5 


  156 0000006E 34 51           DCW              20788       ; 55 0x5134  0.6344
                                                            0
  157 00000070 82 5A           DCW              23170       ; 56 0x5a82  0.7070
                                                            9
  158 00000072 F2 62           DCW              25330       ; 57 0x62f2  0.7730
                                                            1
  159 00000074 6E 6A           DCW              27246       ; 58 0x6a6e  0.8314
                                                            8
  160 00000076 E3 70           DCW              28899       ; 59 0x70e3  0.8819
                                                            3
  161 00000078 42 76           DCW              30274       ; 60 0x7642  0.9238
                                                            9
  162 0000007A 7D 7A           DCW              31357       ; 61 0x7a7d  0.9569
                                                            4
  163 0000007C 8A 7D           DCW              32138       ; 62 0x7d8a  0.9807
                                                            7
  164 0000007E 62 7F           DCW              32610       ; 63 0x7f62  0.9951
                                                            8
  165 00000080         TabSin
  166 00000080 00 00           DCW              0           ;  0 0x0000  0.0000
                                                            0
  167 00000082 8C 0C           DCW              3212        ;  1 0x0c8c  0.0980
                                                            2
  168 00000084 F9 18           DCW              6393        ;  2 0x18f9  0.1951
                                                            0
  169 00000086 28 25           DCW              9512        ;  3 0x2528  0.2902
                                                            8
  170 00000088 FC 30           DCW              12540       ;  4 0x30fc  0.3826
                                                            9
  171 0000008A 57 3C           DCW              15447       ;  5 0x3c57  0.4714
                                                            1
  172 0000008C 1D 47           DCW              18205       ;  6 0x471d  0.5555
                                                            7
  173 0000008E 34 51           DCW              20788       ;  7 0x5134  0.6344
                                                            0
  174 00000090 82 5A           DCW              23170       ;  8 0x5a82  0.7070
                                                            9
  175 00000092 F2 62           DCW              25330       ;  9 0x62f2  0.7730
                                                            1
  176 00000094 6E 6A           DCW              27246       ; 10 0x6a6e  0.8314
                                                            8
  177 00000096 E3 70           DCW              28899       ; 11 0x70e3  0.8819
                                                            3
  178 00000098 42 76           DCW              30274       ; 12 0x7642  0.9238
                                                            9
  179 0000009A 7D 7A           DCW              31357       ; 13 0x7a7d  0.9569
                                                            4
  180 0000009C 8A 7D           DCW              32138       ; 14 0x7d8a  0.9807
                                                            7
  181 0000009E 62 7F           DCW              32610       ; 15 0x7f62  0.9951
                                                            8
  182 000000A0 FF 7F           DCW              32767       ; 16 0x7fff  0.9999
                                                            7
  183 000000A2 62 7F           DCW              32610       ; 17 0x7f62  0.9951
                                                            8
  184 000000A4 8A 7D           DCW              32138       ; 18 0x7d8a  0.9807
                                                            7
  185 000000A6 7D 7A           DCW              31357       ; 19 0x7a7d  0.9569
                                                            4



ARM Macro Assembler    Page 6 


  186 000000A8 42 76           DCW              30274       ; 20 0x7642  0.9238
                                                            9
  187 000000AA E3 70           DCW              28899       ; 21 0x70e3  0.8819
                                                            3
  188 000000AC 6E 6A           DCW              27246       ; 22 0x6a6e  0.8314
                                                            8
  189 000000AE F2 62           DCW              25330       ; 23 0x62f2  0.7730
                                                            1
  190 000000B0 82 5A           DCW              23170       ; 24 0x5a82  0.7070
                                                            9
  191 000000B2 34 51           DCW              20788       ; 25 0x5134  0.6344
                                                            0
  192 000000B4 1D 47           DCW              18205       ; 26 0x471d  0.5555
                                                            7
  193 000000B6 57 3C           DCW              15447       ; 27 0x3c57  0.4714
                                                            1
  194 000000B8 FC 30           DCW              12540       ; 28 0x30fc  0.3826
                                                            9
  195 000000BA 28 25           DCW              9512        ; 29 0x2528  0.2902
                                                            8
  196 000000BC F9 18           DCW              6393        ; 30 0x18f9  0.1951
                                                            0
  197 000000BE 8C 0C           DCW              3212        ; 31 0x0c8c  0.0980
                                                            2
  198 000000C0 00 00           DCW              0           ; 32 0x0000  0.0000
                                                            0
  199 000000C2 74 F3           DCW              -3212       ; 33 0xf374 -0.0980
                                                            2
  200 000000C4 07 E7           DCW              -6393       ; 34 0xe707 -0.1951
                                                            0
  201 000000C6 D8 DA           DCW              -9512       ; 35 0xdad8 -0.2902
                                                            8
  202 000000C8 04 CF           DCW              -12540      ; 36 0xcf04 -0.3826
                                                            9
  203 000000CA A9 C3           DCW              -15447      ; 37 0xc3a9 -0.4714
                                                            1
  204 000000CC E3 B8           DCW              -18205      ; 38 0xb8e3 -0.5555
                                                            7
  205 000000CE CC AE           DCW              -20788      ; 39 0xaecc -0.6344
                                                            0
  206 000000D0 7E A5           DCW              -23170      ; 40 0xa57e -0.7070
                                                            9
  207 000000D2 0E 9D           DCW              -25330      ; 41 0x9d0e -0.7730
                                                            1
  208 000000D4 92 95           DCW              -27246      ; 42 0x9592 -0.8314
                                                            8
  209 000000D6 1D 8F           DCW              -28899      ; 43 0x8f1d -0.8819
                                                            3
  210 000000D8 BE 89           DCW              -30274      ; 44 0x89be -0.9238
                                                            9
  211 000000DA 83 85           DCW              -31357      ; 45 0x8583 -0.9569
                                                            4
  212 000000DC 76 82           DCW              -32138      ; 46 0x8276 -0.9807
                                                            7
  213 000000DE 9E 80           DCW              -32610      ; 47 0x809e -0.9951
                                                            8
  214 000000E0 00 80           DCW              -32768      ; 48 0x8000 -1.0000
                                                            0
  215 000000E2 9E 80           DCW              -32610      ; 49 0x809e -0.9951



ARM Macro Assembler    Page 7 


                                                            8
  216 000000E4 76 82           DCW              -32138      ; 50 0x8276 -0.9807
                                                            7
  217 000000E6 83 85           DCW              -31357      ; 51 0x8583 -0.9569
                                                            4
  218 000000E8 BE 89           DCW              -30274      ; 52 0x89be -0.9238
                                                            9
  219 000000EA 1D 8F           DCW              -28899      ; 53 0x8f1d -0.8819
                                                            3
  220 000000EC 92 95           DCW              -27246      ; 54 0x9592 -0.8314
                                                            8
  221 000000EE 0E 9D           DCW              -25330      ; 55 0x9d0e -0.7730
                                                            1
  222 000000F0 7E A5           DCW              -23170      ; 56 0xa57e -0.7070
                                                            9
  223 000000F2 CC AE           DCW              -20788      ; 57 0xaecc -0.6344
                                                            0
  224 000000F4 E3 B8           DCW              -18205      ; 58 0xb8e3 -0.5555
                                                            7
  225 000000F6 A9 C3           DCW              -15447      ; 59 0xc3a9 -0.4714
                                                            1
  226 000000F8 04 CF           DCW              -12540      ; 60 0xcf04 -0.3826
                                                            9
  227 000000FA D8 DA           DCW              -9512       ; 61 0xdad8 -0.2902
                                                            8
  228 000000FC 07 E7           DCW              -6393       ; 62 0xe707 -0.1951
                                                            0
  229 000000FE 74 F3           DCW              -3212       ; 63 0xf374 -0.0980
                                                            2
  230 00000100         
  231 00000100         
  232 00000100         
  233 00000100         
  234 00000100                 END
Command Line: --debug --xref --diag_suppress=9931 --cpu=Cortex-M3 --apcs=interw
ork --depend=.\obj\dft.d -o.\obj\dft.o -I.\RTE\_toto -IC:\Programdata\Keil\Arm\
Packs\ARM\CMSIS\5.7.0\CMSIS\Core\Include -IC:\Programdata\Keil\Arm\Packs\Keil\S
TM32F1xx_DFP\2.3.0\Device\Include --predefine="__EVAL SETA 1" --predefine="__MI
CROLIB SETA 1" --predefine="__UVISION_VERSION SETA 530" --predefine="_RTE_ SETA
 1" --predefine="STM32F10X_MD SETA 1" --predefine="_RTE_ SETA 1" --list=dft.lst
 Src\DFT.s



ARM Macro Assembler    Page 1 Alphabetic symbol ordering
Relocatable symbols

mesdata 00000000

Symbol: mesdata
   Definitions
      At line 7 in file Src\DFT.s
   Uses
      None
Comment: mesdata unused
1 symbol



ARM Macro Assembler    Page 1 Alphabetic symbol ordering
Relocatable symbols

maram 00000000

Symbol: maram
   Definitions
      At line 11 in file Src\DFT.s
   Uses
      None
Comment: maram unused
1 symbol



ARM Macro Assembler    Page 1 Alphabetic symbol ordering
Relocatable symbols

DFT_ModuleAuCarre 00000000

Symbol: DFT_ModuleAuCarre
   Definitions
      At line 26 in file Src\DFT.s
   Uses
      At line 23 in file Src\DFT.s
Comment: DFT_ModuleAuCarre used once
moncode 00000000

Symbol: moncode
   Definitions
      At line 20 in file Src\DFT.s
   Uses
      None
Comment: moncode unused
reset 00000018

Symbol: reset
   Definitions
      At line 35 in file Src\DFT.s
   Uses
      At line 79 in file Src\DFT.s
Comment: reset used once
3 symbols



ARM Macro Assembler    Page 1 Alphabetic symbol ordering
Relocatable symbols

TabCos 00000000

Symbol: TabCos
   Definitions
      At line 100 in file Src\DFT.s
   Uses
      At line 33 in file Src\DFT.s
Comment: TabCos used once
TabSin 00000080

Symbol: TabSin
   Definitions
      At line 165 in file Src\DFT.s
   Uses
      At line 34 in file Src\DFT.s
Comment: TabSin used once
Trigo 00000000

Symbol: Trigo
   Definitions
      At line 97 in file Src\DFT.s
   Uses
      None
Comment: Trigo unused
3 symbols
345 symbols in table
