


ARM Macro Assembler    Page 1 


    1 00000000                 PRESERVE8
    2 00000000                 THUMB
    3 00000000         
    4 00000000                 EXPORT           DFT_ModuleAuCarre
    5 00000000         
    6 00000000         ; ====================== zone de réservation de données,
                         ======================================
    7 00000000         ;Section RAM (read only) :
    8 00000000                 area             mesdata,data,readonly
    9 00000000         
   10 00000000         
   11 00000000         ;Section RAM (read write):
   12 00000000                 area             maram,data,readwrite
   13 00000000         
   14 00000000         
   15 00000000         ; ======================================================
                       =========================================
   16 00000000         
   17 00000000         
   18 00000000         
   19 00000000         
   20 00000000         ;Section ROM code (read only) :  
   21 00000000                 area             moncode,code,readonly
   22 00000000         ; écrire le code ici  
   23 00000000         
   24 00000000         DFT_ModuleAuCarre
                               proc
   25 00000000         
   26 00000000 E92D 47F0       push             {lr, R4-R10}
   27 00000004         
   28 00000004         ;R0 = adresse première composante de Signal puis résulta
                       t
   29 00000004         ;R1 = k
   30 00000004         ;R2 = adresse première composante de TabSin
   31 00000004         ;R3 = adresse première composante de TabCos
   32 00000004         ;R4 = valeur de PartieReelle
   33 00000004         ;R5 = valeur de PartieIm
   34 00000004         ;R6 = p
   35 00000004         ;R7 = n
   36 00000004         ;R8 = 
   37 00000004         ;R9 = 
   38 00000004         
   39 00000004 4A13            ldr              R2, =TabSin
   40 00000006 4B14            ldr              R3, =TabCos
   41 00000008         
   42 00000008         
   43 00000008 F04F 0700       mov              R7, #0      ;R7 = n = 0
   44 0000000C F04F 0400       mov              R4, #0      ;PartieReelle = 0
   45 00000010 F04F 0500       mov              R5, #0      ;PartieIm = 0
   46 00000014         
   47 00000014         boucleFor
   48 00000014         
   49 00000014 F930 8017       ldrsh            R8, [R0, R7, lsl#1] ;R8 = x[n] 
                                                            ;4.12 (16bits)
   50 00000018         
   51 00000018 FB01 F607       mul              R6, R1, R7  ;R6 = p = k*n 
   52 0000001C F006 063F       and              R6, #0x3F   ;p = p mod 64
   53 00000020         
   54 00000020         ;Partie Reelle



ARM Macro Assembler    Page 2 


   55 00000020 F933 9016       ldrsh            R9, [R3, R6, lsl#1] ; R9 = TabC
                                                            os[p] ;1.15 (16bits
                                                            )
   56 00000024 FB08 FA09       mul              R10, R8, R9 ;R10 = x[n] * TabCo
                                                            s[p] ;4.12 * 1.15 =
                                                             5.27 (32bits)
   57 00000028 4454            add              R4, R10     ;PartieRéelle = Par
                                                            tieRéelle + R10 = P
                                                            artieRéelle + x[n] 
                                                            * TabCos[p]
   58 0000002A         
   59 0000002A         ;Partie Imaginaire
   60 0000002A F932 9016       ldrsh            R9, [R2, R6, lsl#1] ; R9 = TabS
                                                            in[p] ;1.15 (16bits
                                                            )
   61 0000002E FB08 FA09       mul              R10, R8, R9 ;R10 = x[n] * TabSi
                                                            n[p] ;4.12 * 1.15 =
                                                             5.27 (32bits)
   62 00000032 4455            add              R5, R10     ;PartieIm = PartieI
                                                            m + R10 = PartieIm 
                                                            + x[n] * TabSin[p]
   63 00000034         
   64 00000034 F107 0701       add              R7, #1      ;n++
   65 00000038         
   66 00000038 2F40            cmp              R7, #64     ;n == 64 ?
   67 0000003A D1EB            bne              boucleFor   ;boucle tant que n 
                                                            != 64
   68 0000003C         
   69 0000003C         ;R4*R4 rend un entier sur 64 bits ce qui peut poser prob
                       lème car notre processeur est sur 32
   70 0000003C         ;On décalle à droite R4 (=on se passe des détails arès l
                       a virgule) avec als car R4 est signé
   71 0000003C EA4F 4424       mov              R4, R4, asr#16 ; 5.11 (16bits)
   72 00000040 FB04 F404       mul              R4, R4      ;10.22(32bits)
   73 00000044         ;idem avec R5
   74 00000044 EA4F 4525       mov              R5, R5, asr#16 ;5.11 (16bits)
   75 00000048 FB05 F505       mul              R5, R5      ;(32bits) ;10.22(32
                                                            bits)
   76 0000004C         
   77 0000004C EB04 0005       add              R0, R4, R5  ;RO = PartieReelle^
                                                            2 + PartieIm^2  ;10
                                                            .22(32bits)
   78 00000050         
   79 00000050 E8BD 87F0       pop              {pc, R4-R10}
   80 00000054                 endp
   81 00000054         
   82 00000054         
   83 00000054         
   84 00000054         
   85 00000054         ;Section ROM code (read only) :  
   86 00000054 00000000 
              00000000         AREA             Trigo, DATA, READONLY
   87 00000000         ; codage fractionnaire 1.15
   88 00000000         
   89 00000000         TabCos
   90 00000000 FF 7F           DCW              32767       ;  0 0x7fff  0.9999
                                                            7
   91 00000002 62 7F           DCW              32610       ;  1 0x7f62  0.9951
                                                            8



ARM Macro Assembler    Page 3 


   92 00000004 8A 7D           DCW              32138       ;  2 0x7d8a  0.9807
                                                            7
   93 00000006 7D 7A           DCW              31357       ;  3 0x7a7d  0.9569
                                                            4
   94 00000008 42 76           DCW              30274       ;  4 0x7642  0.9238
                                                            9
   95 0000000A E3 70           DCW              28899       ;  5 0x70e3  0.8819
                                                            3
   96 0000000C 6E 6A           DCW              27246       ;  6 0x6a6e  0.8314
                                                            8
   97 0000000E F2 62           DCW              25330       ;  7 0x62f2  0.7730
                                                            1
   98 00000010 82 5A           DCW              23170       ;  8 0x5a82  0.7070
                                                            9
   99 00000012 34 51           DCW              20788       ;  9 0x5134  0.6344
                                                            0
  100 00000014 1D 47           DCW              18205       ; 10 0x471d  0.5555
                                                            7
  101 00000016 57 3C           DCW              15447       ; 11 0x3c57  0.4714
                                                            1
  102 00000018 FC 30           DCW              12540       ; 12 0x30fc  0.3826
                                                            9
  103 0000001A 28 25           DCW              9512        ; 13 0x2528  0.2902
                                                            8
  104 0000001C F9 18           DCW              6393        ; 14 0x18f9  0.1951
                                                            0
  105 0000001E 8C 0C           DCW              3212        ; 15 0x0c8c  0.0980
                                                            2
  106 00000020 00 00           DCW              0           ; 16 0x0000  0.0000
                                                            0
  107 00000022 74 F3           DCW              -3212       ; 17 0xf374 -0.0980
                                                            2
  108 00000024 07 E7           DCW              -6393       ; 18 0xe707 -0.1951
                                                            0
  109 00000026 D8 DA           DCW              -9512       ; 19 0xdad8 -0.2902
                                                            8
  110 00000028 04 CF           DCW              -12540      ; 20 0xcf04 -0.3826
                                                            9
  111 0000002A A9 C3           DCW              -15447      ; 21 0xc3a9 -0.4714
                                                            1
  112 0000002C E3 B8           DCW              -18205      ; 22 0xb8e3 -0.5555
                                                            7
  113 0000002E CC AE           DCW              -20788      ; 23 0xaecc -0.6344
                                                            0
  114 00000030 7E A5           DCW              -23170      ; 24 0xa57e -0.7070
                                                            9
  115 00000032 0E 9D           DCW              -25330      ; 25 0x9d0e -0.7730
                                                            1
  116 00000034 92 95           DCW              -27246      ; 26 0x9592 -0.8314
                                                            8
  117 00000036 1D 8F           DCW              -28899      ; 27 0x8f1d -0.8819
                                                            3
  118 00000038 BE 89           DCW              -30274      ; 28 0x89be -0.9238
                                                            9
  119 0000003A 83 85           DCW              -31357      ; 29 0x8583 -0.9569
                                                            4
  120 0000003C 76 82           DCW              -32138      ; 30 0x8276 -0.9807
                                                            7
  121 0000003E 9E 80           DCW              -32610      ; 31 0x809e -0.9951



ARM Macro Assembler    Page 4 


                                                            8
  122 00000040 00 80           DCW              -32768      ; 32 0x8000 -1.0000
                                                            0
  123 00000042 9E 80           DCW              -32610      ; 33 0x809e -0.9951
                                                            8
  124 00000044 76 82           DCW              -32138      ; 34 0x8276 -0.9807
                                                            7
  125 00000046 83 85           DCW              -31357      ; 35 0x8583 -0.9569
                                                            4
  126 00000048 BE 89           DCW              -30274      ; 36 0x89be -0.9238
                                                            9
  127 0000004A 1D 8F           DCW              -28899      ; 37 0x8f1d -0.8819
                                                            3
  128 0000004C 92 95           DCW              -27246      ; 38 0x9592 -0.8314
                                                            8
  129 0000004E 0E 9D           DCW              -25330      ; 39 0x9d0e -0.7730
                                                            1
  130 00000050 7E A5           DCW              -23170      ; 40 0xa57e -0.7070
                                                            9
  131 00000052 CC AE           DCW              -20788      ; 41 0xaecc -0.6344
                                                            0
  132 00000054 E3 B8           DCW              -18205      ; 42 0xb8e3 -0.5555
                                                            7
  133 00000056 A9 C3           DCW              -15447      ; 43 0xc3a9 -0.4714
                                                            1
  134 00000058 04 CF           DCW              -12540      ; 44 0xcf04 -0.3826
                                                            9
  135 0000005A D8 DA           DCW              -9512       ; 45 0xdad8 -0.2902
                                                            8
  136 0000005C 07 E7           DCW              -6393       ; 46 0xe707 -0.1951
                                                            0
  137 0000005E 74 F3           DCW              -3212       ; 47 0xf374 -0.0980
                                                            2
  138 00000060 00 00           DCW              0           ; 48 0x0000  0.0000
                                                            0
  139 00000062 8C 0C           DCW              3212        ; 49 0x0c8c  0.0980
                                                            2
  140 00000064 F9 18           DCW              6393        ; 50 0x18f9  0.1951
                                                            0
  141 00000066 28 25           DCW              9512        ; 51 0x2528  0.2902
                                                            8
  142 00000068 FC 30           DCW              12540       ; 52 0x30fc  0.3826
                                                            9
  143 0000006A 57 3C           DCW              15447       ; 53 0x3c57  0.4714
                                                            1
  144 0000006C 1D 47           DCW              18205       ; 54 0x471d  0.5555
                                                            7
  145 0000006E 34 51           DCW              20788       ; 55 0x5134  0.6344
                                                            0
  146 00000070 82 5A           DCW              23170       ; 56 0x5a82  0.7070
                                                            9
  147 00000072 F2 62           DCW              25330       ; 57 0x62f2  0.7730
                                                            1
  148 00000074 6E 6A           DCW              27246       ; 58 0x6a6e  0.8314
                                                            8
  149 00000076 E3 70           DCW              28899       ; 59 0x70e3  0.8819
                                                            3
  150 00000078 42 76           DCW              30274       ; 60 0x7642  0.9238
                                                            9



ARM Macro Assembler    Page 5 


  151 0000007A 7D 7A           DCW              31357       ; 61 0x7a7d  0.9569
                                                            4
  152 0000007C 8A 7D           DCW              32138       ; 62 0x7d8a  0.9807
                                                            7
  153 0000007E 62 7F           DCW              32610       ; 63 0x7f62  0.9951
                                                            8
  154 00000080         TabSin
  155 00000080 00 00           DCW              0           ;  0 0x0000  0.0000
                                                            0
  156 00000082 8C 0C           DCW              3212        ;  1 0x0c8c  0.0980
                                                            2
  157 00000084 F9 18           DCW              6393        ;  2 0x18f9  0.1951
                                                            0
  158 00000086 28 25           DCW              9512        ;  3 0x2528  0.2902
                                                            8
  159 00000088 FC 30           DCW              12540       ;  4 0x30fc  0.3826
                                                            9
  160 0000008A 57 3C           DCW              15447       ;  5 0x3c57  0.4714
                                                            1
  161 0000008C 1D 47           DCW              18205       ;  6 0x471d  0.5555
                                                            7
  162 0000008E 34 51           DCW              20788       ;  7 0x5134  0.6344
                                                            0
  163 00000090 82 5A           DCW              23170       ;  8 0x5a82  0.7070
                                                            9
  164 00000092 F2 62           DCW              25330       ;  9 0x62f2  0.7730
                                                            1
  165 00000094 6E 6A           DCW              27246       ; 10 0x6a6e  0.8314
                                                            8
  166 00000096 E3 70           DCW              28899       ; 11 0x70e3  0.8819
                                                            3
  167 00000098 42 76           DCW              30274       ; 12 0x7642  0.9238
                                                            9
  168 0000009A 7D 7A           DCW              31357       ; 13 0x7a7d  0.9569
                                                            4
  169 0000009C 8A 7D           DCW              32138       ; 14 0x7d8a  0.9807
                                                            7
  170 0000009E 62 7F           DCW              32610       ; 15 0x7f62  0.9951
                                                            8
  171 000000A0 FF 7F           DCW              32767       ; 16 0x7fff  0.9999
                                                            7
  172 000000A2 62 7F           DCW              32610       ; 17 0x7f62  0.9951
                                                            8
  173 000000A4 8A 7D           DCW              32138       ; 18 0x7d8a  0.9807
                                                            7
  174 000000A6 7D 7A           DCW              31357       ; 19 0x7a7d  0.9569
                                                            4
  175 000000A8 42 76           DCW              30274       ; 20 0x7642  0.9238
                                                            9
  176 000000AA E3 70           DCW              28899       ; 21 0x70e3  0.8819
                                                            3
  177 000000AC 6E 6A           DCW              27246       ; 22 0x6a6e  0.8314
                                                            8
  178 000000AE F2 62           DCW              25330       ; 23 0x62f2  0.7730
                                                            1
  179 000000B0 82 5A           DCW              23170       ; 24 0x5a82  0.7070
                                                            9
  180 000000B2 34 51           DCW              20788       ; 25 0x5134  0.6344
                                                            0



ARM Macro Assembler    Page 6 


  181 000000B4 1D 47           DCW              18205       ; 26 0x471d  0.5555
                                                            7
  182 000000B6 57 3C           DCW              15447       ; 27 0x3c57  0.4714
                                                            1
  183 000000B8 FC 30           DCW              12540       ; 28 0x30fc  0.3826
                                                            9
  184 000000BA 28 25           DCW              9512        ; 29 0x2528  0.2902
                                                            8
  185 000000BC F9 18           DCW              6393        ; 30 0x18f9  0.1951
                                                            0
  186 000000BE 8C 0C           DCW              3212        ; 31 0x0c8c  0.0980
                                                            2
  187 000000C0 00 00           DCW              0           ; 32 0x0000  0.0000
                                                            0
  188 000000C2 74 F3           DCW              -3212       ; 33 0xf374 -0.0980
                                                            2
  189 000000C4 07 E7           DCW              -6393       ; 34 0xe707 -0.1951
                                                            0
  190 000000C6 D8 DA           DCW              -9512       ; 35 0xdad8 -0.2902
                                                            8
  191 000000C8 04 CF           DCW              -12540      ; 36 0xcf04 -0.3826
                                                            9
  192 000000CA A9 C3           DCW              -15447      ; 37 0xc3a9 -0.4714
                                                            1
  193 000000CC E3 B8           DCW              -18205      ; 38 0xb8e3 -0.5555
                                                            7
  194 000000CE CC AE           DCW              -20788      ; 39 0xaecc -0.6344
                                                            0
  195 000000D0 7E A5           DCW              -23170      ; 40 0xa57e -0.7070
                                                            9
  196 000000D2 0E 9D           DCW              -25330      ; 41 0x9d0e -0.7730
                                                            1
  197 000000D4 92 95           DCW              -27246      ; 42 0x9592 -0.8314
                                                            8
  198 000000D6 1D 8F           DCW              -28899      ; 43 0x8f1d -0.8819
                                                            3
  199 000000D8 BE 89           DCW              -30274      ; 44 0x89be -0.9238
                                                            9
  200 000000DA 83 85           DCW              -31357      ; 45 0x8583 -0.9569
                                                            4
  201 000000DC 76 82           DCW              -32138      ; 46 0x8276 -0.9807
                                                            7
  202 000000DE 9E 80           DCW              -32610      ; 47 0x809e -0.9951
                                                            8
  203 000000E0 00 80           DCW              -32768      ; 48 0x8000 -1.0000
                                                            0
  204 000000E2 9E 80           DCW              -32610      ; 49 0x809e -0.9951
                                                            8
  205 000000E4 76 82           DCW              -32138      ; 50 0x8276 -0.9807
                                                            7
  206 000000E6 83 85           DCW              -31357      ; 51 0x8583 -0.9569
                                                            4
  207 000000E8 BE 89           DCW              -30274      ; 52 0x89be -0.9238
                                                            9
  208 000000EA 1D 8F           DCW              -28899      ; 53 0x8f1d -0.8819
                                                            3
  209 000000EC 92 95           DCW              -27246      ; 54 0x9592 -0.8314
                                                            8
  210 000000EE 0E 9D           DCW              -25330      ; 55 0x9d0e -0.7730



ARM Macro Assembler    Page 7 


                                                            1
  211 000000F0 7E A5           DCW              -23170      ; 56 0xa57e -0.7070
                                                            9
  212 000000F2 CC AE           DCW              -20788      ; 57 0xaecc -0.6344
                                                            0
  213 000000F4 E3 B8           DCW              -18205      ; 58 0xb8e3 -0.5555
                                                            7
  214 000000F6 A9 C3           DCW              -15447      ; 59 0xc3a9 -0.4714
                                                            1
  215 000000F8 04 CF           DCW              -12540      ; 60 0xcf04 -0.3826
                                                            9
  216 000000FA D8 DA           DCW              -9512       ; 61 0xdad8 -0.2902
                                                            8
  217 000000FC 07 E7           DCW              -6393       ; 62 0xe707 -0.1951
                                                            0
  218 000000FE 74 F3           DCW              -3212       ; 63 0xf374 -0.0980
                                                            2
  219 00000100         
  220 00000100         
  221 00000100         
  222 00000100         
  223 00000100                 END
Command Line: --debug --xref --diag_suppress=9931 --cpu=Cortex-M3 --apcs=interw
ork --depend=.\obj\dft.d -o.\obj\dft.o -I.\RTE\_CibleSondeKEIL -IC:\Programdata
\Keil\Arm\Packs\ARM\CMSIS\5.7.0\CMSIS\Core\Include -IC:\Programdata\Keil\Arm\Pa
cks\Keil\STM32F1xx_DFP\2.3.0\Device\Include --predefine="__EVAL SETA 1" --prede
fine="__MICROLIB SETA 1" --predefine="__UVISION_VERSION SETA 530" --predefine="
_RTE_ SETA 1" --predefine="STM32F10X_MD SETA 1" --predefine="_RTE_ SETA 1" --li
st=dft.lst Src\DFT.s



ARM Macro Assembler    Page 1 Alphabetic symbol ordering
Relocatable symbols

mesdata 00000000

Symbol: mesdata
   Definitions
      At line 8 in file Src\DFT.s
   Uses
      None
Comment: mesdata unused
1 symbol



ARM Macro Assembler    Page 1 Alphabetic symbol ordering
Relocatable symbols

maram 00000000

Symbol: maram
   Definitions
      At line 12 in file Src\DFT.s
   Uses
      None
Comment: maram unused
1 symbol



ARM Macro Assembler    Page 1 Alphabetic symbol ordering
Relocatable symbols

DFT_ModuleAuCarre 00000000

Symbol: DFT_ModuleAuCarre
   Definitions
      At line 24 in file Src\DFT.s
   Uses
      At line 4 in file Src\DFT.s
Comment: DFT_ModuleAuCarre used once
boucleFor 00000014

Symbol: boucleFor
   Definitions
      At line 47 in file Src\DFT.s
   Uses
      At line 67 in file Src\DFT.s
Comment: boucleFor used once
moncode 00000000

Symbol: moncode
   Definitions
      At line 21 in file Src\DFT.s
   Uses
      None
Comment: moncode unused
3 symbols



ARM Macro Assembler    Page 1 Alphabetic symbol ordering
Relocatable symbols

TabCos 00000000

Symbol: TabCos
   Definitions
      At line 89 in file Src\DFT.s
   Uses
      At line 40 in file Src\DFT.s
Comment: TabCos used once
TabSin 00000080

Symbol: TabSin
   Definitions
      At line 154 in file Src\DFT.s
   Uses
      At line 39 in file Src\DFT.s
Comment: TabSin used once
Trigo 00000000

Symbol: Trigo
   Definitions
      At line 86 in file Src\DFT.s
   Uses
      None
Comment: Trigo unused
3 symbols
345 symbols in table
